0.6157 	WARNING 	We strongly recommend you activate the PTB sound engine in PsychoPy prefs as the preferred audio engine. Its timing is vastly superior. Your prefs are currently set to use ['sounddevice', 'PTB', 'pyo', 'pygame'] (in that order).
1.9443 	WARNING 	Import Error: No module named 'psychtoolbox'. Using event module for keyboard component.
5.4907 	EXP 	Created window1 = Window(allowGUI=True, allowStencil=False, args=UNKNOWN, autoLog=True, bitsMode=UNKNOWN, blendMode='avg', bpc=(8, 8, 8), color=array([0., 0., 0.]), colorSpace='rgb', depthBits=8, fullscr=<method-wrapper '__getattribute__' of attributeSetter object at 0x0E3ED550>, gamma=None, gammaErrorPolicy='raise', kwargs=UNKNOWN, lms=UNKNOWN, monitor=<psychopy.monitors.calibTools.Monitor object at 0x0E561710>, multiSample=False, name='window1', numSamples=2, pos=[0.0, 0.0], screen=0, size=array([1920, 1200]), stencilBits=0, stereo=False, units='height', useFBO=True, useRetina=False, viewOri=0.0, viewPos=None, viewScale=None, waitBlanking=True, winType='pyglet')
5.4908 	EXP 	window1: recordFrameIntervals = False
5.6608 	EXP 	window1: recordFrameIntervals = True
5.7275 	WARNING 	t of last frame was 20.55ms (=1/48)
5.7944 	WARNING 	t of last frame was 20.70ms (=1/48)
5.8614 	WARNING 	t of last frame was 21.06ms (=1/47)
5.9276 	WARNING 	t of last frame was 20.47ms (=1/48)
6.2408 	EXP 	window1: recordFrameIntervals = False
6.2480 	EXP 	Created probeCircle = Polygon(__class__=<class 'psychopy.visual.polygon.Polygon'>, autoDraw=False, autoLog=True, closeShape=True, color=method-wrapper(...), colorSpace=None, contrast=1.0, depth=0.0, fillColor=array([1., 1., 1.]), fillColorSpace='rgb', fillRGB=array([1., 1., 1.]), interpolate=True, lineColor=array([1., 1., 1.]), lineColorSpace='rgb', lineRGB=array([1., 1., 1.]), lineWidth=1, name='probeCircle', opacity=1.0, ori=array(0.), pos=array([0., 0.]), size=array([1., 1.]), units='height', vertices=ndarray(...), win=Window(...))
6.2502 	EXP 	Created testPos0 = Rect(__class__=<class 'psychopy.visual.rect.Rect'>, autoDraw=False, autoLog=True, closeShape=True, color=method-wrapper(...), colorSpace=None, contrast=1.0, depth=-1.0, fillColor=array([1., 1., 1.]), fillColorSpace='rgb', fillRGB=array([1., 1., 1.]), interpolate=True, lineColor=array([1., 1., 1.]), lineColorSpace='rgb', lineRGB=array([1., 1., 1.]), lineWidth=1, name='testPos0', opacity=1.0, ori=array(-90.), pos=array([0., 0.]), size=array([1., 1.]), units='height', vertices=ndarray(...), win=Window(...))
6.2516 	EXP 	Created testPos20 = Rect(__class__=<class 'psychopy.visual.rect.Rect'>, autoDraw=False, autoLog=True, closeShape=True, color=method-wrapper(...), colorSpace=None, contrast=1.0, depth=-2.0, fillColor=array([1., 1., 1.]), fillColorSpace='rgb', fillRGB=array([1., 1., 1.]), interpolate=True, lineColor=array([1., 1., 1.]), lineColorSpace='rgb', lineRGB=array([1., 1., 1.]), lineWidth=1, name='testPos20', opacity=1.0, ori=array(198.), pos=array([0., 0.]), size=array([1., 1.]), units='height', vertices=ndarray(...), win=Window(...))
6.2531 	EXP 	Created testPos40 = Rect(__class__=<class 'psychopy.visual.rect.Rect'>, autoDraw=False, autoLog=True, closeShape=True, color=method-wrapper(...), colorSpace=None, contrast=1.0, depth=-3.0, fillColor=array([1., 1., 1.]), fillColorSpace='rgb', fillRGB=array([1., 1., 1.]), interpolate=True, lineColor=array([1., 1., 1.]), lineColorSpace='rgb', lineRGB=array([1., 1., 1.]), lineWidth=1, name='testPos40', opacity=1.0, ori=array(126.), pos=array([0., 0.]), size=array([1., 1.]), units='height', vertices=ndarray(...), win=Window(...))
6.2547 	EXP 	Created testPos60 = Rect(__class__=<class 'psychopy.visual.rect.Rect'>, autoDraw=False, autoLog=True, closeShape=True, color=method-wrapper(...), colorSpace=None, contrast=1.0, depth=-4.0, fillColor=array([1., 1., 1.]), fillColorSpace='rgb', fillRGB=array([1., 1., 1.]), interpolate=True, lineColor=array([1., 1., 1.]), lineColorSpace='rgb', lineRGB=array([1., 1., 1.]), lineWidth=1, name='testPos60', opacity=1.0, ori=array(54.), pos=array([0., 0.]), size=array([1., 1.]), units='height', vertices=ndarray(...), win=Window(...))
6.2562 	EXP 	Created testPos80 = Rect(__class__=<class 'psychopy.visual.rect.Rect'>, autoDraw=False, autoLog=True, closeShape=True, color=method-wrapper(...), colorSpace=None, contrast=1.0, depth=-5.0, fillColor=array([1., 1., 1.]), fillColorSpace='rgb', fillRGB=array([1., 1., 1.]), interpolate=True, lineColor=array([1., 1., 1.]), lineColorSpace='rgb', lineRGB=array([1., 1., 1.]), lineWidth=1, name='testPos80', opacity=1.0, ori=array(-18.), pos=array([0., 0.]), size=array([1., 1.]), units='height', vertices=ndarray(...), win=Window(...))
8.3896 	EXP 	Created testColorsExplained = TextStim(__class__=<class 'psychopy.visual.text.TextStim'>, alignHoriz=method-wrapper(...), alignText='center', alignVert=method-wrapper(...), anchorHoriz='center', anchorVert='center', antialias=True, autoLog=True, bold=False, color='white', colorSpace='named', contrast=1.0, depth=-6.0, flipHoriz=False, flipVert=False, font='Arial', fontFiles=[], height=1.0, italic=False, languageStyle='LTR', name='testColorsExplained', opacity=1.0, ori=0, pos=array([ 0. , -0.3]), rgb=array([255., 255., 255.]), text=str(...), units='height', win=Window(...), wrapWidth=1)
8.3914 	EXP 	Created clickablePos0 = Rect(__class__=<class 'psychopy.visual.rect.Rect'>, autoDraw=False, autoLog=True, closeShape=True, color=method-wrapper(...), colorSpace=None, contrast=1.0, depth=-8.0, fillColor=array([1., 1., 1.]), fillColorSpace='rgb', fillRGB=array([1., 1., 1.]), interpolate=True, lineColor=array([1., 1., 1.]), lineColorSpace='rgb', lineRGB=array([1., 1., 1.]), lineWidth=1, name='clickablePos0', opacity=0.0, ori=array(0.), pos=array([0., 0.]), size=array([1., 1.]), units='height', vertices=ndarray(...), win=Window(...))
8.3928 	EXP 	Created clickablePos20 = Rect(__class__=<class 'psychopy.visual.rect.Rect'>, autoDraw=False, autoLog=True, closeShape=True, color=method-wrapper(...), colorSpace=None, contrast=1.0, depth=-9.0, fillColor=array([1., 1., 1.]), fillColorSpace='rgb', fillRGB=array([1., 1., 1.]), interpolate=True, lineColor=array([1., 1., 1.]), lineColorSpace='rgb', lineRGB=array([1., 1., 1.]), lineWidth=1, name='clickablePos20', opacity=0.0, ori=array(198.), pos=array([0., 0.]), size=array([1., 1.]), units='height', vertices=ndarray(...), win=Window(...))
8.3943 	EXP 	Created clickablePos40 = Rect(__class__=<class 'psychopy.visual.rect.Rect'>, autoDraw=False, autoLog=True, closeShape=True, color=method-wrapper(...), colorSpace=None, contrast=1.0, depth=-10.0, fillColor=array([1., 1., 1.]), fillColorSpace='rgb', fillRGB=array([1., 1., 1.]), interpolate=True, lineColor=array([1., 1., 1.]), lineColorSpace='rgb', lineRGB=array([1., 1., 1.]), lineWidth=1, name='clickablePos40', opacity=0.0, ori=array(126.), pos=array([0., 0.]), size=array([1., 1.]), units='height', vertices=ndarray(...), win=Window(...))
8.3957 	EXP 	Created clickablePos60 = Rect(__class__=<class 'psychopy.visual.rect.Rect'>, autoDraw=False, autoLog=True, closeShape=True, color=method-wrapper(...), colorSpace=None, contrast=1.0, depth=-11.0, fillColor=array([1., 1., 1.]), fillColorSpace='rgb', fillRGB=array([1., 1., 1.]), interpolate=True, lineColor=array([1., 1., 1.]), lineColorSpace='rgb', lineRGB=array([1., 1., 1.]), lineWidth=1, name='clickablePos60', opacity=0.0, ori=array(54.), pos=array([0., 0.]), size=array([1., 1.]), units='height', vertices=ndarray(...), win=Window(...))
8.3971 	EXP 	Created clickablePos80 = Rect(__class__=<class 'psychopy.visual.rect.Rect'>, autoDraw=False, autoLog=True, closeShape=True, color=method-wrapper(...), colorSpace=None, contrast=1.0, depth=-12.0, fillColor=array([1., 1., 1.]), fillColorSpace='rgb', fillRGB=array([1., 1., 1.]), interpolate=True, lineColor=array([1., 1., 1.]), lineColorSpace='rgb', lineRGB=array([1., 1., 1.]), lineWidth=1, name='clickablePos80', opacity=0.0, ori=array(-18.), pos=array([0., 0.]), size=array([1., 1.]), units='height', vertices=ndarray(...), win=Window(...))
9.7470 	EXP 	Created textInstructions = TextStim(__class__=<class 'psychopy.visual.text.TextStim'>, alignHoriz=method-wrapper(...), alignText='center', alignVert=method-wrapper(...), anchorHoriz='center', anchorVert='center', antialias=True, autoLog=True, bold=False, color='white', colorSpace='named', contrast=1.0, depth=0.0, flipHoriz=False, flipVert=False, font='Arial', fontFiles=[], height=1.0, italic=False, languageStyle='LTR', name='textInstructions', opacity=1.0, ori=0, pos=array([0., 0.]), rgb=array([255., 255., 255.]), text=str(...), units='height', win=Window(...), wrapWidth=1)
9.7485 	EXP 	Created centralFixation = Rect(__class__=<class 'psychopy.visual.rect.Rect'>, autoDraw=False, autoLog=True, closeShape=True, color=method-wrapper(...), colorSpace=None, contrast=1.0, depth=-1.0, fillColor=array([0., 0., 0.]), fillColorSpace='rgb', fillRGB=array([0., 0., 0.]), interpolate=True, lineColor=array([0.5, 0.5, 0.5]), lineColorSpace='rgb', lineRGB=array([0.5, 0.5, 0.5]), lineWidth=2, name='centralFixation', opacity=1.0, ori=array(0.), pos=array([0., 0.]), size=array([1., 1.]), units='height', vertices=ndarray(...), win=Window(...))
9.7500 	EXP 	Created stim1 = Rect(__class__=<class 'psychopy.visual.rect.Rect'>, autoDraw=False, autoLog=True, closeShape=True, color=method-wrapper(...), colorSpace=None, contrast=1.0, depth=-2.0, fillColor=array([1., 1., 1.]), fillColorSpace='rgb', fillRGB=array([1., 1., 1.]), interpolate=True, lineColor=array([1., 1., 1.]), lineColorSpace='rgb', lineRGB=array([1., 1., 1.]), lineWidth=1, name='stim1', opacity=1.0, ori=array(1.), pos=array([0., 0.]), size=array([1., 1.]), units='height', vertices=ndarray(...), win=Window(...))
9.7514 	EXP 	Created stim2 = Rect(__class__=<class 'psychopy.visual.rect.Rect'>, autoDraw=False, autoLog=True, closeShape=True, color=method-wrapper(...), colorSpace=None, contrast=1.0, depth=-3.0, fillColor=array([1., 1., 1.]), fillColorSpace='rgb', fillRGB=array([1., 1., 1.]), interpolate=True, lineColor=array([1., 1., 1.]), lineColorSpace='rgb', lineRGB=array([1., 1., 1.]), lineWidth=1, name='stim2', opacity=1.0, ori=array(1.), pos=array([0., 0.]), size=array([1., 1.]), units='height', vertices=ndarray(...), win=Window(...))
9.7529 	EXP 	Created stim3 = Rect(__class__=<class 'psychopy.visual.rect.Rect'>, autoDraw=False, autoLog=True, closeShape=True, color=method-wrapper(...), colorSpace=None, contrast=1.0, depth=-4.0, fillColor=array([1., 1., 1.]), fillColorSpace='rgb', fillRGB=array([1., 1., 1.]), interpolate=True, lineColor=array([1., 1., 1.]), lineColorSpace='rgb', lineRGB=array([1., 1., 1.]), lineWidth=1, name='stim3', opacity=1.0, ori=array(1.), pos=array([0., 0.]), size=array([1., 1.]), units='height', vertices=ndarray(...), win=Window(...))
9.7544 	EXP 	Created stim4 = Rect(__class__=<class 'psychopy.visual.rect.Rect'>, autoDraw=False, autoLog=True, closeShape=True, color=method-wrapper(...), colorSpace=None, contrast=1.0, depth=-5.0, fillColor=array([1., 1., 1.]), fillColorSpace='rgb', fillRGB=array([1., 1., 1.]), interpolate=True, lineColor=array([1., 1., 1.]), lineColorSpace='rgb', lineRGB=array([1., 1., 1.]), lineWidth=1, name='stim4', opacity=1.0, ori=array(1.), pos=array([0., 0.]), size=array([1., 1.]), units='height', vertices=ndarray(...), win=Window(...))
9.7559 	EXP 	Created stim5 = Rect(__class__=<class 'psychopy.visual.rect.Rect'>, autoDraw=False, autoLog=True, closeShape=True, color=method-wrapper(...), colorSpace=None, contrast=1.0, depth=-6.0, fillColor=array([1., 1., 1.]), fillColorSpace='rgb', fillRGB=array([1., 1., 1.]), interpolate=True, lineColor=array([1., 1., 1.]), lineColorSpace='rgb', lineRGB=array([1., 1., 1.]), lineWidth=1, name='stim5', opacity=1.0, ori=array(1.), pos=array([0., 0.]), size=array([1., 1.]), units='height', vertices=ndarray(...), win=Window(...))
9.7618 	EXP 	Created respRingDemo = Polygon(__class__=<class 'psychopy.visual.polygon.Polygon'>, autoDraw=False, autoLog=True, closeShape=True, color=method-wrapper(...), colorSpace=None, contrast=1.0, depth=-1.0, fillColor=array([0., 0., 0.]), fillColorSpace='rgb', fillRGB=array([0., 0., 0.]), interpolate=True, lineColor=array([-1., -1., -1.]), lineColorSpace='rgb', lineRGB=array([-1., -1., -1.]), lineWidth=1, name='respRingDemo', opacity=1.0, ori=array(0.), pos=array([0., 0.]), size=array([1., 1.]), units='height', vertices=ndarray(...), win=Window(...))
9.7678 	EXP 	Created probeDemo = Polygon(__class__=<class 'psychopy.visual.polygon.Polygon'>, autoDraw=False, autoLog=True, closeShape=True, color=method-wrapper(...), colorSpace=None, contrast=1.0, depth=-2.0, fillColor=array([1., 1., 1.]), fillColorSpace='rgb', fillRGB=array([1., 1., 1.]), interpolate=True, lineColor=array([1., 1., 1.]), lineColorSpace='rgb', lineRGB=array([1., 1., 1.]), lineWidth=1, name='probeDemo', opacity=1.0, ori=array(0.), pos=array([0., 0.]), size=array([1., 1.]), units='height', vertices=ndarray(...), win=Window(...))
9.7762 	EXP 	Created textDemo = TextStim(__class__=<class 'psychopy.visual.text.TextStim'>, alignHoriz=method-wrapper(...), alignText='center', alignVert=method-wrapper(...), anchorHoriz='center', anchorVert='center', antialias=True, autoLog=True, bold=False, color='white', colorSpace='named', contrast=1.0, depth=-4.0, flipHoriz=False, flipVert=False, font='Arial', fontFiles=[], height=1.0, italic=False, languageStyle='LTR', name='textDemo', opacity=1.0, ori=0, pos=array([ 0. , -0.3]), rgb=array([255., 255., 255.]), text=str(...), units='height', win=Window(...), wrapWidth=1)
9.7818 	EXP 	Created arrowImage = ImageStim(__class__=<class 'psychopy.visual.image.ImageStim'>, autoLog=True, color=array([1., 1., 1.]), colorSpace='rgb', contrast=1.0, depth=-5.0, flipHoriz=False, flipVert=False, image='images/arrow.png', interpolate=True, mask=None, maskParams=None, name='arrowImage', opacity=1.0, ori=0.0, pos=array([0., 0.]), size=array([0.05, 0.05]), texRes=128, units='height', win=Window(...))
9.8905 	EXP 	Created clickToBegin = TextStim(__class__=<class 'psychopy.visual.text.TextStim'>, alignHoriz=method-wrapper(...), alignText='center', alignVert=method-wrapper(...), anchorHoriz='center', anchorVert='center', antialias=True, autoLog=True, bold=False, color='white', colorSpace='named', contrast=1.0, depth=-1.0, flipHoriz=False, flipVert=False, font='Arial', fontFiles=[], height=1.0, italic=False, languageStyle='LTR', name='clickToBegin', opacity=1.0, ori=0, pos=array([0., 0.]), rgb=array([255., 255., 255.]), text=str(...), units='height', win=Window(...), wrapWidth=1)
9.8922 	EXP 	Created centralFixation_Long = Rect(__class__=<class 'psychopy.visual.rect.Rect'>, autoDraw=False, autoLog=True, closeShape=True, color=method-wrapper(...), colorSpace=None, contrast=1.0, depth=0.0, fillColor=array([0., 0., 0.]), fillColorSpace='rgb', fillRGB=array([0., 0., 0.]), interpolate=True, lineColor=array([0.5, 0.5, 0.5]), lineColorSpace='rgb', lineRGB=array([0.5, 0.5, 0.5]), lineWidth=2, name='centralFixation_Long', opacity=1.0, ori=array(0.), pos=array([0., 0.]), size=array([1., 1.]), units='height', vertices=ndarray(...), win=Window(...))
9.8936 	EXP 	Created centralFixation = Rect(__class__=<class 'psychopy.visual.rect.Rect'>, autoDraw=False, autoLog=True, closeShape=True, color=method-wrapper(...), colorSpace=None, contrast=1.0, depth=-1.0, fillColor=array([0., 0., 0.]), fillColorSpace='rgb', fillRGB=array([0., 0., 0.]), interpolate=True, lineColor=array([0.5, 0.5, 0.5]), lineColorSpace='rgb', lineRGB=array([0.5, 0.5, 0.5]), lineWidth=2, name='centralFixation', opacity=1.0, ori=array(0.), pos=array([0., 0.]), size=array([1., 1.]), units='height', vertices=ndarray(...), win=Window(...))
9.8950 	EXP 	Created stim1 = Rect(__class__=<class 'psychopy.visual.rect.Rect'>, autoDraw=False, autoLog=True, closeShape=True, color=method-wrapper(...), colorSpace=None, contrast=1.0, depth=-2.0, fillColor=array([1., 1., 1.]), fillColorSpace='rgb', fillRGB=array([1., 1., 1.]), interpolate=True, lineColor=array([1., 1., 1.]), lineColorSpace='rgb', lineRGB=array([1., 1., 1.]), lineWidth=1, name='stim1', opacity=1.0, ori=array(1.), pos=array([0., 0.]), size=array([1., 1.]), units='height', vertices=ndarray(...), win=Window(...))
9.8965 	EXP 	Created stim2 = Rect(__class__=<class 'psychopy.visual.rect.Rect'>, autoDraw=False, autoLog=True, closeShape=True, color=method-wrapper(...), colorSpace=None, contrast=1.0, depth=-3.0, fillColor=array([1., 1., 1.]), fillColorSpace='rgb', fillRGB=array([1., 1., 1.]), interpolate=True, lineColor=array([1., 1., 1.]), lineColorSpace='rgb', lineRGB=array([1., 1., 1.]), lineWidth=1, name='stim2', opacity=1.0, ori=array(1.), pos=array([0., 0.]), size=array([1., 1.]), units='height', vertices=ndarray(...), win=Window(...))
9.8980 	EXP 	Created stim3 = Rect(__class__=<class 'psychopy.visual.rect.Rect'>, autoDraw=False, autoLog=True, closeShape=True, color=method-wrapper(...), colorSpace=None, contrast=1.0, depth=-4.0, fillColor=array([1., 1., 1.]), fillColorSpace='rgb', fillRGB=array([1., 1., 1.]), interpolate=True, lineColor=array([1., 1., 1.]), lineColorSpace='rgb', lineRGB=array([1., 1., 1.]), lineWidth=1, name='stim3', opacity=1.0, ori=array(1.), pos=array([0., 0.]), size=array([1., 1.]), units='height', vertices=ndarray(...), win=Window(...))
9.8994 	EXP 	Created stim4 = Rect(__class__=<class 'psychopy.visual.rect.Rect'>, autoDraw=False, autoLog=True, closeShape=True, color=method-wrapper(...), colorSpace=None, contrast=1.0, depth=-5.0, fillColor=array([1., 1., 1.]), fillColorSpace='rgb', fillRGB=array([1., 1., 1.]), interpolate=True, lineColor=array([1., 1., 1.]), lineColorSpace='rgb', lineRGB=array([1., 1., 1.]), lineWidth=1, name='stim4', opacity=1.0, ori=array(1.), pos=array([0., 0.]), size=array([1., 1.]), units='height', vertices=ndarray(...), win=Window(...))
9.9009 	EXP 	Created stim5 = Rect(__class__=<class 'psychopy.visual.rect.Rect'>, autoDraw=False, autoLog=True, closeShape=True, color=method-wrapper(...), colorSpace=None, contrast=1.0, depth=-6.0, fillColor=array([1., 1., 1.]), fillColorSpace='rgb', fillRGB=array([1., 1., 1.]), interpolate=True, lineColor=array([1., 1., 1.]), lineColorSpace='rgb', lineRGB=array([1., 1., 1.]), lineWidth=1, name='stim5', opacity=1.0, ori=array(1.), pos=array([0., 0.]), size=array([1., 1.]), units='height', vertices=ndarray(...), win=Window(...))
9.9067 	EXP 	Created respRing = Polygon(__class__=<class 'psychopy.visual.polygon.Polygon'>, autoDraw=False, autoLog=True, closeShape=True, color=method-wrapper(...), colorSpace=None, contrast=1.0, depth=-1.0, fillColor=array([0., 0., 0.]), fillColorSpace='rgb', fillRGB=array([0., 0., 0.]), interpolate=True, lineColor=array([-1., -1., -1.]), lineColorSpace='rgb', lineRGB=array([-1., -1., -1.]), lineWidth=1, name='respRing', opacity=1.0, ori=array(0.), pos=array([0., 0.]), size=array([1., 1.]), units='height', vertices=ndarray(...), win=Window(...))
9.9123 	EXP 	Created probe = Polygon(__class__=<class 'psychopy.visual.polygon.Polygon'>, autoDraw=False, autoLog=True, closeShape=True, color=method-wrapper(...), colorSpace=None, contrast=1.0, depth=-2.0, fillColor=array([1., 1., 1.]), fillColorSpace='rgb', fillRGB=array([1., 1., 1.]), interpolate=True, lineColor=array([1., 1., 1.]), lineColorSpace='rgb', lineRGB=array([1., 1., 1.]), lineWidth=1, name='probe', opacity=1.0, ori=array(0.), pos=array([0., 0.]), size=array([1., 1.]), units='height', vertices=ndarray(...), win=Window(...))
9.9138 	EXP 	Created pos0 = Rect(__class__=<class 'psychopy.visual.rect.Rect'>, autoDraw=False, autoLog=True, closeShape=True, color=method-wrapper(...), colorSpace=None, contrast=1.0, depth=-4.0, fillColor=array([1., 1., 1.]), fillColorSpace='rgb', fillRGB=array([1., 1., 1.]), interpolate=True, lineColor=array([1., 1., 1.]), lineColorSpace='rgb', lineRGB=array([1., 1., 1.]), lineWidth=1, name='pos0', opacity=0.0, ori=array(0.), pos=array([0., 0.]), size=array([1., 1.]), units='height', vertices=ndarray(...), win=Window(...))
9.9153 	EXP 	Created pos5 = Rect(__class__=<class 'psychopy.visual.rect.Rect'>, autoDraw=False, autoLog=True, closeShape=True, color=method-wrapper(...), colorSpace=None, contrast=1.0, depth=-5.0, fillColor=array([1., 1., 1.]), fillColorSpace='rgb', fillRGB=array([1., 1., 1.]), interpolate=True, lineColor=array([1., 1., 1.]), lineColorSpace='rgb', lineRGB=array([1., 1., 1.]), lineWidth=1, name='pos5', opacity=0.0, ori=array(18.), pos=array([0., 0.]), size=array([1., 1.]), units='height', vertices=ndarray(...), win=Window(...))
9.9167 	EXP 	Created pos10 = Rect(__class__=<class 'psychopy.visual.rect.Rect'>, autoDraw=False, autoLog=True, closeShape=True, color=method-wrapper(...), colorSpace=None, contrast=1.0, depth=-6.0, fillColor=array([1., 1., 1.]), fillColorSpace='rgb', fillRGB=array([1., 1., 1.]), interpolate=True, lineColor=array([1., 1., 1.]), lineColorSpace='rgb', lineRGB=array([1., 1., 1.]), lineWidth=1, name='pos10', opacity=0.0, ori=array(36.), pos=array([0., 0.]), size=array([1., 1.]), units='height', vertices=ndarray(...), win=Window(...))
9.9181 	EXP 	Created pos15 = Rect(__class__=<class 'psychopy.visual.rect.Rect'>, autoDraw=False, autoLog=True, closeShape=True, color=method-wrapper(...), colorSpace=None, contrast=1.0, depth=-7.0, fillColor=array([1., 1., 1.]), fillColorSpace='rgb', fillRGB=array([1., 1., 1.]), interpolate=True, lineColor=array([1., 1., 1.]), lineColorSpace='rgb', lineRGB=array([1., 1., 1.]), lineWidth=1, name='pos15', opacity=0.0, ori=array(54.), pos=array([0., 0.]), size=array([1., 1.]), units='height', vertices=ndarray(...), win=Window(...))
9.9196 	EXP 	Created pos20 = Rect(__class__=<class 'psychopy.visual.rect.Rect'>, autoDraw=False, autoLog=True, closeShape=True, color=method-wrapper(...), colorSpace=None, contrast=1.0, depth=-8.0, fillColor=array([1., 1., 1.]), fillColorSpace='rgb', fillRGB=array([1., 1., 1.]), interpolate=True, lineColor=array([1., 1., 1.]), lineColorSpace='rgb', lineRGB=array([1., 1., 1.]), lineWidth=1, name='pos20', opacity=0.0, ori=array(72.), pos=array([0., 0.]), size=array([1., 1.]), units='height', vertices=ndarray(...), win=Window(...))
9.9210 	EXP 	Created pos25 = Rect(__class__=<class 'psychopy.visual.rect.Rect'>, autoDraw=False, autoLog=True, closeShape=True, color=method-wrapper(...), colorSpace=None, contrast=1.0, depth=-9.0, fillColor=array([1., 1., 1.]), fillColorSpace='rgb', fillRGB=array([1., 1., 1.]), interpolate=True, lineColor=array([1., 1., 1.]), lineColorSpace='rgb', lineRGB=array([1., 1., 1.]), lineWidth=1, name='pos25', opacity=0.0, ori=array(90.), pos=array([0., 0.]), size=array([1., 1.]), units='height', vertices=ndarray(...), win=Window(...))
9.9224 	EXP 	Created pos30 = Rect(__class__=<class 'psychopy.visual.rect.Rect'>, autoDraw=False, autoLog=True, closeShape=True, color=method-wrapper(...), colorSpace=None, contrast=1.0, depth=-10.0, fillColor=array([1., 1., 1.]), fillColorSpace='rgb', fillRGB=array([1., 1., 1.]), interpolate=True, lineColor=array([1., 1., 1.]), lineColorSpace='rgb', lineRGB=array([1., 1., 1.]), lineWidth=1, name='pos30', opacity=0.0, ori=array(108.), pos=array([0., 0.]), size=array([1., 1.]), units='height', vertices=ndarray(...), win=Window(...))
9.9239 	EXP 	Created pos35 = Rect(__class__=<class 'psychopy.visual.rect.Rect'>, autoDraw=False, autoLog=True, closeShape=True, color=method-wrapper(...), colorSpace=None, contrast=1.0, depth=-11.0, fillColor=array([1., 1., 1.]), fillColorSpace='rgb', fillRGB=array([1., 1., 1.]), interpolate=True, lineColor=array([1., 1., 1.]), lineColorSpace='rgb', lineRGB=array([1., 1., 1.]), lineWidth=1, name='pos35', opacity=0.0, ori=array(126.), pos=array([0., 0.]), size=array([1., 1.]), units='height', vertices=ndarray(...), win=Window(...))
9.9253 	EXP 	Created pos40 = Rect(__class__=<class 'psychopy.visual.rect.Rect'>, autoDraw=False, autoLog=True, closeShape=True, color=method-wrapper(...), colorSpace=None, contrast=1.0, depth=-12.0, fillColor=array([1., 1., 1.]), fillColorSpace='rgb', fillRGB=array([1., 1., 1.]), interpolate=True, lineColor=array([1., 1., 1.]), lineColorSpace='rgb', lineRGB=array([1., 1., 1.]), lineWidth=1, name='pos40', opacity=0.0, ori=array(144.), pos=array([0., 0.]), size=array([1., 1.]), units='height', vertices=ndarray(...), win=Window(...))
9.9267 	EXP 	Created pos45 = Rect(__class__=<class 'psychopy.visual.rect.Rect'>, autoDraw=False, autoLog=True, closeShape=True, color=method-wrapper(...), colorSpace=None, contrast=1.0, depth=-13.0, fillColor=array([1., 1., 1.]), fillColorSpace='rgb', fillRGB=array([1., 1., 1.]), interpolate=True, lineColor=array([1., 1., 1.]), lineColorSpace='rgb', lineRGB=array([1., 1., 1.]), lineWidth=1, name='pos45', opacity=0.0, ori=array(162.), pos=array([0., 0.]), size=array([1., 1.]), units='height', vertices=ndarray(...), win=Window(...))
9.9281 	EXP 	Created pos50 = Rect(__class__=<class 'psychopy.visual.rect.Rect'>, autoDraw=False, autoLog=True, closeShape=True, color=method-wrapper(...), colorSpace=None, contrast=1.0, depth=-14.0, fillColor=array([1., 1., 1.]), fillColorSpace='rgb', fillRGB=array([1., 1., 1.]), interpolate=True, lineColor=array([1., 1., 1.]), lineColorSpace='rgb', lineRGB=array([1., 1., 1.]), lineWidth=1, name='pos50', opacity=0.0, ori=array(180.), pos=array([0., 0.]), size=array([1., 1.]), units='height', vertices=ndarray(...), win=Window(...))
9.9295 	EXP 	Created pos55 = Rect(__class__=<class 'psychopy.visual.rect.Rect'>, autoDraw=False, autoLog=True, closeShape=True, color=method-wrapper(...), colorSpace=None, contrast=1.0, depth=-15.0, fillColor=array([1., 1., 1.]), fillColorSpace='rgb', fillRGB=array([1., 1., 1.]), interpolate=True, lineColor=array([1., 1., 1.]), lineColorSpace='rgb', lineRGB=array([1., 1., 1.]), lineWidth=1, name='pos55', opacity=0.0, ori=array(198.), pos=array([0., 0.]), size=array([1., 1.]), units='height', vertices=ndarray(...), win=Window(...))
9.9309 	EXP 	Created pos60 = Rect(__class__=<class 'psychopy.visual.rect.Rect'>, autoDraw=False, autoLog=True, closeShape=True, color=method-wrapper(...), colorSpace=None, contrast=1.0, depth=-16.0, fillColor=array([1., 1., 1.]), fillColorSpace='rgb', fillRGB=array([1., 1., 1.]), interpolate=True, lineColor=array([1., 1., 1.]), lineColorSpace='rgb', lineRGB=array([1., 1., 1.]), lineWidth=1, name='pos60', opacity=0.0, ori=array(216.), pos=array([0., 0.]), size=array([1., 1.]), units='height', vertices=ndarray(...), win=Window(...))
9.9324 	EXP 	Created pos65 = Rect(__class__=<class 'psychopy.visual.rect.Rect'>, autoDraw=False, autoLog=True, closeShape=True, color=method-wrapper(...), colorSpace=None, contrast=1.0, depth=-17.0, fillColor=array([1., 1., 1.]), fillColorSpace='rgb', fillRGB=array([1., 1., 1.]), interpolate=True, lineColor=array([1., 1., 1.]), lineColorSpace='rgb', lineRGB=array([1., 1., 1.]), lineWidth=1, name='pos65', opacity=0.0, ori=array(234.), pos=array([0., 0.]), size=array([1., 1.]), units='height', vertices=ndarray(...), win=Window(...))
9.9338 	EXP 	Created pos70 = Rect(__class__=<class 'psychopy.visual.rect.Rect'>, autoDraw=False, autoLog=True, closeShape=True, color=method-wrapper(...), colorSpace=None, contrast=1.0, depth=-18.0, fillColor=array([1., 1., 1.]), fillColorSpace='rgb', fillRGB=array([1., 1., 1.]), interpolate=True, lineColor=array([1., 1., 1.]), lineColorSpace='rgb', lineRGB=array([1., 1., 1.]), lineWidth=1, name='pos70', opacity=0.0, ori=array(252.), pos=array([0., 0.]), size=array([1., 1.]), units='height', vertices=ndarray(...), win=Window(...))
9.9353 	EXP 	Created pos75 = Rect(__class__=<class 'psychopy.visual.rect.Rect'>, autoDraw=False, autoLog=True, closeShape=True, color=method-wrapper(...), colorSpace=None, contrast=1.0, depth=-19.0, fillColor=array([1., 1., 1.]), fillColorSpace='rgb', fillRGB=array([1., 1., 1.]), interpolate=True, lineColor=array([1., 1., 1.]), lineColorSpace='rgb', lineRGB=array([1., 1., 1.]), lineWidth=1, name='pos75', opacity=0.0, ori=array(270.), pos=array([0., 0.]), size=array([1., 1.]), units='height', vertices=ndarray(...), win=Window(...))
9.9367 	EXP 	Created pos80 = Rect(__class__=<class 'psychopy.visual.rect.Rect'>, autoDraw=False, autoLog=True, closeShape=True, color=method-wrapper(...), colorSpace=None, contrast=1.0, depth=-20.0, fillColor=array([1., 1., 1.]), fillColorSpace='rgb', fillRGB=array([1., 1., 1.]), interpolate=True, lineColor=array([1., 1., 1.]), lineColorSpace='rgb', lineRGB=array([1., 1., 1.]), lineWidth=1, name='pos80', opacity=0.0, ori=array(288.), pos=array([0., 0.]), size=array([1., 1.]), units='height', vertices=ndarray(...), win=Window(...))
9.9381 	EXP 	Created pos85 = Rect(__class__=<class 'psychopy.visual.rect.Rect'>, autoDraw=False, autoLog=True, closeShape=True, color=method-wrapper(...), colorSpace=None, contrast=1.0, depth=-21.0, fillColor=array([1., 1., 1.]), fillColorSpace='rgb', fillRGB=array([1., 1., 1.]), interpolate=True, lineColor=array([1., 1., 1.]), lineColorSpace='rgb', lineRGB=array([1., 1., 1.]), lineWidth=1, name='pos85', opacity=0.0, ori=array(306.), pos=array([0., 0.]), size=array([1., 1.]), units='height', vertices=ndarray(...), win=Window(...))
9.9395 	EXP 	Created pos90 = Rect(__class__=<class 'psychopy.visual.rect.Rect'>, autoDraw=False, autoLog=True, closeShape=True, color=method-wrapper(...), colorSpace=None, contrast=1.0, depth=-22.0, fillColor=array([1., 1., 1.]), fillColorSpace='rgb', fillRGB=array([1., 1., 1.]), interpolate=True, lineColor=array([1., 1., 1.]), lineColorSpace='rgb', lineRGB=array([1., 1., 1.]), lineWidth=1, name='pos90', opacity=0.0, ori=array(324.), pos=array([0., 0.]), size=array([1., 1.]), units='height', vertices=ndarray(...), win=Window(...))
9.9409 	EXP 	Created pos95 = Rect(__class__=<class 'psychopy.visual.rect.Rect'>, autoDraw=False, autoLog=True, closeShape=True, color=method-wrapper(...), colorSpace=None, contrast=1.0, depth=-23.0, fillColor=array([1., 1., 1.]), fillColorSpace='rgb', fillRGB=array([1., 1., 1.]), interpolate=True, lineColor=array([1., 1., 1.]), lineColorSpace='rgb', lineRGB=array([1., 1., 1.]), lineWidth=1, name='pos95', opacity=0.0, ori=array(342.), pos=array([0., 0.]), size=array([1., 1.]), units='height', vertices=ndarray(...), win=Window(...))
9.9723 	EXP 	Imported parameterFiles/taskParameters.xlsx as conditions, 1 conditions, 57 params
9.9725 	EXP 	Created sequence: sequential, trialTypes=1, nReps=1, seed=None
9.9737 	EXP 	New trial (rep=0, index=0): OrderedDict([('fontSize', 0.03), ('fixDuration', 0.5), ('fixSize', 0.005), ('stimDuration', 0.5), ('stimWidth', 0.006), ('stimHeight', 0.06), ('retentionInterval', 1), ('preProbeDuration', 2), ('dva_52cmMonitorWidth_100cmDistance', 29.148432396077478), ('pixelsPerDegreeVisualAngle', 65.86975154994529), ('heightUnitsPerDVA', 0.05489145962495441), ('stimRadius', 0.19212010868734045), ('pos0_x', 0.1920908478642322), ('pos0_y', -0.003352958221586543), ('pos5_x', 0.18165313151003956), ('pos5_y', -0.06254818921944531), ('pos10_x', 0.1534339409918552), ('pos10_y', -0.11562076765764533), ('pos15_x', 0.1101955672922603), ('pos15_y', -0.15737557978025815), ('pos20_x', 0.05617048368843471), ('pos20_y', -0.18372537365383873), ('pos25_x', -0.003352958221586538), ('pos25_y', -0.1920908478642322), ('pos30_x', -0.06254818921944531), ('pos30_y', -0.18165313151003956), ('pos35_x', -0.11562076765764533), ('pos35_y', -0.1534339409918552), ('pos40_x', -0.15737557978025815), ('pos40_y', -0.1101955672922603), ('pos45_x', -0.18372537365383873), ('pos45_y', -0.05617048368843471), ('pos50_x', -0.1920908478642322), ('pos50_y', 0.0033529582215864823), ('pos55_x', -0.18165313151003956), ('pos55_y', 0.06254818921944531), ('pos60_x', -0.1534339409918552), ('pos60_y', 0.11562076765764533), ('pos65_x', -0.1101955672922603), ('pos65_y', 0.15737557978025815), ('pos70_x', -0.05617048368843471), ('pos70_y', 0.18372537365383873), ('pos75_x', 0.003352958221586472), ('pos75_y', 0.1920908478642322), ('pos80_x', 0.06254818921944531), ('pos80_y', 0.18165313151003956), ('pos85_x', 0.11562076765764533), ('pos85_y', 0.1534339409918552), ('pos90_x', 0.15737557978025815), ('pos90_y', 0.1101955672922603), ('pos95_x', 0.18372537365383873), ('pos95_y', 0.05617048368843471), ('color0', '#00aaff'), ('color1', '#1e00b4'), ('color2', '#00ff00'), ('color3', '#ffffff'), ('color4', '#000000')])
9.9835 	EXP 	Imported parameterFiles/testColorsSequence.xlsx as conditions, 5 conditions, 12 params
9.9837 	EXP 	Created sequence: sequential, trialTypes=5, nReps=1, seed=None
9.9841 	EXP 	New trial (rep=0, index=0): OrderedDict([('testColorsColor', '#00aaff'), ('testColorsProbedLocation', 0), ('testColorsProbedObject', 'testPos0'), ('testColorsX_degUnits', 3.49946693304736), ('testColorsY_degUnits', -0.0610834225304922), ('pixelsPerDegreeVisualAngle', 40.27785706560729), ('probedX_pixUnits', 140.95102893510068), ('probedY_pixUnits', -2.460309361761261), ('probedX_pixPercentage_givesHeightUnits', 0.11745919077925057), ('probedY_pixPercentage_givesHeightUnits', -0.0020502578014677175), ('testColorsX_heightUnits', 0.11745919077925057), ('testColorsY_heightUnits', -0.0020502578014677175)])
10.0157 	EXP 	probeCircle: size = array([0.01, 0.01])
10.0157 	EXP 	probeCircle: fillColor = '#00aaff (hex)'
10.0157 	EXP 	probeCircle: lineColor = '#00aaff (hex)'
10.0157 	EXP 	testPos0: pos = array([ 0.19209085, -0.00335296])
10.0157 	EXP 	testPos0: size = array([0.006, 0.06 ])
10.0157 	EXP 	testPos0: fillColor = '#00aaff (hex)'
10.0157 	EXP 	testPos0: lineColor = '#00aaff (hex)'
10.0157 	EXP 	testPos20: pos = array([ 0.05617048, -0.18372537])
10.0157 	EXP 	testPos20: size = array([0.006, 0.06 ])
10.0157 	EXP 	testPos20: fillColor = '#1e00b4 (hex)'
10.0157 	EXP 	testPos20: lineColor = '#1e00b4 (hex)'
10.0157 	EXP 	testPos40: pos = array([-0.15737558, -0.11019557])
10.0157 	EXP 	testPos40: size = array([0.006, 0.06 ])
10.0157 	EXP 	testPos40: fillColor = '#00ff00 (hex)'
10.0157 	EXP 	testPos40: lineColor = '#00ff00 (hex)'
10.0157 	EXP 	testPos60: pos = array([-0.15343394,  0.11562077])
10.0157 	EXP 	testPos60: size = array([0.006, 0.06 ])
10.0157 	EXP 	testPos60: fillColor = '#ffffff (hex)'
10.0157 	EXP 	testPos60: lineColor = '#ffffff (hex)'
10.0157 	EXP 	testPos80: pos = array([0.06254819, 0.18165313])
10.0157 	EXP 	testPos80: size = array([0.006, 0.06 ])
10.0157 	EXP 	testPos80: fillColor = '#000000 (hex)'
10.0157 	EXP 	testPos80: lineColor = '#000000 (hex)'
10.0157 	EXP 	testColorsExplained: height = 0.03
10.0157 	EXP 	clickablePos0: pos = array([ 0.19209085, -0.00335296])
10.0157 	EXP 	clickablePos0: size = array([0.012, 0.12 ])
10.0157 	EXP 	clickablePos20: pos = array([ 0.05617048, -0.18372537])
10.0157 	EXP 	clickablePos20: size = array([0.012, 0.12 ])
10.0157 	EXP 	clickablePos40: pos = array([-0.15737558, -0.11019557])
10.0157 	EXP 	clickablePos40: size = array([0.012, 0.12 ])
10.0157 	EXP 	clickablePos60: pos = array([-0.15343394,  0.11562077])
10.0157 	EXP 	clickablePos60: size = array([0.012, 0.12 ])
10.0157 	EXP 	clickablePos80: pos = array([0.06254819, 0.18165313])
10.0157 	EXP 	clickablePos80: size = array([0.012, 0.12 ])
10.0157 	EXP 	probeCircle: autoDraw = True
10.0157 	EXP 	testPos0: autoDraw = True
10.0157 	EXP 	testPos20: autoDraw = True
10.0157 	EXP 	testPos40: autoDraw = True
10.0157 	EXP 	testPos60: autoDraw = True
10.0157 	EXP 	testPos80: autoDraw = True
10.0157 	EXP 	testColorsExplained: autoDraw = True
10.0157 	EXP 	clickablePos0: autoDraw = True
10.0157 	EXP 	clickablePos20: autoDraw = True
10.0157 	EXP 	clickablePos40: autoDraw = True
10.0157 	EXP 	clickablePos60: autoDraw = True
10.0157 	EXP 	clickablePos80: autoDraw = True
10.0157 	EXP 	testColorsExplained: text = 'Click the bar whose color matches the central circle.'
11.2451 	DATA 	Mouse: Left button down, pos=(834,720)
11.2492 	EXP 	New trial (rep=0, index=1): OrderedDict([('testColorsColor', '#1e00b4'), ('testColorsProbedLocation', 20), ('testColorsProbedObject', 'testPos20'), ('testColorsX_degUnits', 1.02330096652957), ('testColorsY_degUnits', -3.34706664587062), ('pixelsPerDegreeVisualAngle', 40.27785706560729), ('probedX_pixUnits', 41.21637006497581), ('probedY_pixUnits', -134.81267195143846), ('probedX_pixPercentage_givesHeightUnits', 0.03434697505414651), ('probedY_pixPercentage_givesHeightUnits', -0.11234389329286538), ('testColorsX_heightUnits', 0.03434697505414651), ('testColorsY_heightUnits', -0.11234389329286538)])
11.2785 	EXP 	probeCircle: autoDraw = False
11.2785 	EXP 	testPos0: autoDraw = False
11.2785 	EXP 	testPos20: autoDraw = False
11.2785 	EXP 	testPos40: autoDraw = False
11.2785 	EXP 	testPos60: autoDraw = False
11.2785 	EXP 	testPos80: autoDraw = False
11.2785 	EXP 	testColorsExplained: autoDraw = False
11.2785 	EXP 	clickablePos0: autoDraw = False
11.2785 	EXP 	clickablePos20: autoDraw = False
11.2785 	EXP 	clickablePos40: autoDraw = False
11.2785 	EXP 	clickablePos60: autoDraw = False
11.2785 	EXP 	clickablePos80: autoDraw = False
11.2785 	EXP 	probeCircle: size = array([0.01, 0.01])
11.2785 	EXP 	probeCircle: fillColor = '#1e00b4 (hex)'
11.2785 	EXP 	probeCircle: lineColor = '#1e00b4 (hex)'
11.2785 	EXP 	testPos0: pos = array([ 0.19209085, -0.00335296])
11.2785 	EXP 	testPos0: size = array([0.006, 0.06 ])
11.2785 	EXP 	testPos0: fillColor = '#00aaff (hex)'
11.2785 	EXP 	testPos0: lineColor = '#00aaff (hex)'
11.2785 	EXP 	testPos20: pos = array([ 0.05617048, -0.18372537])
11.2785 	EXP 	testPos20: size = array([0.006, 0.06 ])
11.2785 	EXP 	testPos20: fillColor = '#1e00b4 (hex)'
11.2785 	EXP 	testPos20: lineColor = '#1e00b4 (hex)'
11.2785 	EXP 	testPos40: pos = array([-0.15737558, -0.11019557])
11.2785 	EXP 	testPos40: size = array([0.006, 0.06 ])
11.2785 	EXP 	testPos40: fillColor = '#00ff00 (hex)'
11.2785 	EXP 	testPos40: lineColor = '#00ff00 (hex)'
11.2785 	EXP 	testPos60: pos = array([-0.15343394,  0.11562077])
11.2785 	EXP 	testPos60: size = array([0.006, 0.06 ])
11.2785 	EXP 	testPos60: fillColor = '#ffffff (hex)'
11.2785 	EXP 	testPos60: lineColor = '#ffffff (hex)'
11.2785 	EXP 	testPos80: pos = array([0.06254819, 0.18165313])
11.2785 	EXP 	testPos80: size = array([0.006, 0.06 ])
11.2785 	EXP 	testPos80: fillColor = '#000000 (hex)'
11.2785 	EXP 	testPos80: lineColor = '#000000 (hex)'
11.2785 	EXP 	testColorsExplained: height = 0.03
11.2785 	EXP 	clickablePos0: pos = array([ 0.19209085, -0.00335296])
11.2785 	EXP 	clickablePos0: size = array([0.012, 0.12 ])
11.2785 	EXP 	clickablePos20: pos = array([ 0.05617048, -0.18372537])
11.2785 	EXP 	clickablePos20: size = array([0.012, 0.12 ])
11.2785 	EXP 	clickablePos40: pos = array([-0.15737558, -0.11019557])
11.2785 	EXP 	clickablePos40: size = array([0.012, 0.12 ])
11.2785 	EXP 	clickablePos60: pos = array([-0.15343394,  0.11562077])
11.2785 	EXP 	clickablePos60: size = array([0.012, 0.12 ])
11.2785 	EXP 	clickablePos80: pos = array([0.06254819, 0.18165313])
11.2785 	EXP 	clickablePos80: size = array([0.012, 0.12 ])
11.2785 	EXP 	probeCircle: autoDraw = True
11.2785 	EXP 	testPos0: autoDraw = True
11.2785 	EXP 	testPos20: autoDraw = True
11.2785 	EXP 	testPos40: autoDraw = True
11.2785 	EXP 	testPos60: autoDraw = True
11.2785 	EXP 	testPos80: autoDraw = True
11.2785 	EXP 	testColorsExplained: autoDraw = True
11.2785 	EXP 	clickablePos0: autoDraw = True
11.2785 	EXP 	clickablePos20: autoDraw = True
11.2785 	EXP 	clickablePos40: autoDraw = True
11.2785 	EXP 	clickablePos60: autoDraw = True
11.2785 	EXP 	clickablePos80: autoDraw = True
11.2785 	EXP 	testColorsExplained: text = 'Click the bar whose color matches the central circle.'
11.3132 	DATA 	Mouse:  Left button up, pos=(834,720)
11.4619 	DATA 	Mouse: Left button down, pos=(834,720)
11.4650 	EXP 	New trial (rep=0, index=2): OrderedDict([('testColorsColor', '#00ff00'), ('testColorsProbedLocation', 40), ('testColorsProbedObject', 'testPos40'), ('testColorsX_degUnits', -2.86703215501147), ('testColorsY_degUnits', -2.00751752722866), ('pixelsPerDegreeVisualAngle', 40.27785706560729), ('probedX_pixUnits', -115.47791134205204), ('probedY_pixUnits', -80.85850401841736), ('probedX_pixPercentage_givesHeightUnits', -0.09623159278504337), ('probedY_pixPercentage_givesHeightUnits', -0.06738208668201447), ('testColorsX_heightUnits', -0.09623159278504337), ('testColorsY_heightUnits', -0.06738208668201447)])
11.4951 	EXP 	probeCircle: autoDraw = False
11.4951 	EXP 	testPos0: autoDraw = False
11.4951 	EXP 	testPos20: autoDraw = False
11.4951 	EXP 	testPos40: autoDraw = False
11.4951 	EXP 	testPos60: autoDraw = False
11.4951 	EXP 	testPos80: autoDraw = False
11.4951 	EXP 	testColorsExplained: autoDraw = False
11.4951 	EXP 	clickablePos0: autoDraw = False
11.4951 	EXP 	clickablePos20: autoDraw = False
11.4951 	EXP 	clickablePos40: autoDraw = False
11.4951 	EXP 	clickablePos60: autoDraw = False
11.4951 	EXP 	clickablePos80: autoDraw = False
11.4951 	EXP 	probeCircle: size = array([0.01, 0.01])
11.4951 	EXP 	probeCircle: fillColor = '#00ff00 (hex)'
11.4951 	EXP 	probeCircle: lineColor = '#00ff00 (hex)'
11.4951 	EXP 	testPos0: pos = array([ 0.19209085, -0.00335296])
11.4951 	EXP 	testPos0: size = array([0.006, 0.06 ])
11.4951 	EXP 	testPos0: fillColor = '#00aaff (hex)'
11.4951 	EXP 	testPos0: lineColor = '#00aaff (hex)'
11.4951 	EXP 	testPos20: pos = array([ 0.05617048, -0.18372537])
11.4951 	EXP 	testPos20: size = array([0.006, 0.06 ])
11.4951 	EXP 	testPos20: fillColor = '#1e00b4 (hex)'
11.4951 	EXP 	testPos20: lineColor = '#1e00b4 (hex)'
11.4951 	EXP 	testPos40: pos = array([-0.15737558, -0.11019557])
11.4951 	EXP 	testPos40: size = array([0.006, 0.06 ])
11.4951 	EXP 	testPos40: fillColor = '#00ff00 (hex)'
11.4951 	EXP 	testPos40: lineColor = '#00ff00 (hex)'
11.4951 	EXP 	testPos60: pos = array([-0.15343394,  0.11562077])
11.4951 	EXP 	testPos60: size = array([0.006, 0.06 ])
11.4951 	EXP 	testPos60: fillColor = '#ffffff (hex)'
11.4951 	EXP 	testPos60: lineColor = '#ffffff (hex)'
11.4951 	EXP 	testPos80: pos = array([0.06254819, 0.18165313])
11.4951 	EXP 	testPos80: size = array([0.006, 0.06 ])
11.4951 	EXP 	testPos80: fillColor = '#000000 (hex)'
11.4951 	EXP 	testPos80: lineColor = '#000000 (hex)'
11.4951 	EXP 	testColorsExplained: height = 0.03
11.4951 	EXP 	clickablePos0: pos = array([ 0.19209085, -0.00335296])
11.4951 	EXP 	clickablePos0: size = array([0.012, 0.12 ])
11.4951 	EXP 	clickablePos20: pos = array([ 0.05617048, -0.18372537])
11.4951 	EXP 	clickablePos20: size = array([0.012, 0.12 ])
11.4951 	EXP 	clickablePos40: pos = array([-0.15737558, -0.11019557])
11.4951 	EXP 	clickablePos40: size = array([0.012, 0.12 ])
11.4951 	EXP 	clickablePos60: pos = array([-0.15343394,  0.11562077])
11.4951 	EXP 	clickablePos60: size = array([0.012, 0.12 ])
11.4951 	EXP 	clickablePos80: pos = array([0.06254819, 0.18165313])
11.4951 	EXP 	clickablePos80: size = array([0.012, 0.12 ])
11.4951 	EXP 	probeCircle: autoDraw = True
11.4951 	EXP 	testPos0: autoDraw = True
11.4951 	EXP 	testPos20: autoDraw = True
11.4951 	EXP 	testPos40: autoDraw = True
11.4951 	EXP 	testPos60: autoDraw = True
11.4951 	EXP 	testPos80: autoDraw = True
11.4951 	EXP 	testColorsExplained: autoDraw = True
11.4951 	EXP 	clickablePos0: autoDraw = True
11.4951 	EXP 	clickablePos20: autoDraw = True
11.4951 	EXP 	clickablePos40: autoDraw = True
11.4951 	EXP 	clickablePos60: autoDraw = True
11.4951 	EXP 	clickablePos80: autoDraw = True
11.4951 	EXP 	testColorsExplained: text = 'Click the bar whose color matches the central circle.'
11.5456 	DATA 	Mouse:  Left button up, pos=(834,720)
11.6661 	DATA 	Mouse: Left button down, pos=(834,720)
11.6694 	EXP 	New trial (rep=0, index=3): OrderedDict([('testColorsColor', '#ffffff'), ('testColorsProbedLocation', 60), ('testColorsProbedObject', 'testPos60'), ('testColorsX_degUnits', -2.79522428516552), ('testColorsY_degUnits', 2.10635258103216), ('pixelsPerDegreeVisualAngle', 40.27785706560729), ('probedX_pixUnits', -112.58564422421112), ('probedY_pixUnits', 84.83936818858633), ('probedX_pixPercentage_givesHeightUnits', -0.0938213701868426), ('probedY_pixPercentage_givesHeightUnits', 0.0706994734904886), ('testColorsX_heightUnits', -0.0938213701868426), ('testColorsY_heightUnits', 0.0706994734904886)])
11.6953 	EXP 	probeCircle: autoDraw = False
11.6953 	EXP 	testPos0: autoDraw = False
11.6953 	EXP 	testPos20: autoDraw = False
11.6953 	EXP 	testPos40: autoDraw = False
11.6953 	EXP 	testPos60: autoDraw = False
11.6953 	EXP 	testPos80: autoDraw = False
11.6953 	EXP 	testColorsExplained: autoDraw = False
11.6953 	EXP 	clickablePos0: autoDraw = False
11.6953 	EXP 	clickablePos20: autoDraw = False
11.6953 	EXP 	clickablePos40: autoDraw = False
11.6953 	EXP 	clickablePos60: autoDraw = False
11.6953 	EXP 	clickablePos80: autoDraw = False
11.6953 	EXP 	probeCircle: size = array([0.01, 0.01])
11.6953 	EXP 	probeCircle: fillColor = '#ffffff (hex)'
11.6953 	EXP 	probeCircle: lineColor = '#ffffff (hex)'
11.6953 	EXP 	testPos0: pos = array([ 0.19209085, -0.00335296])
11.6953 	EXP 	testPos0: size = array([0.006, 0.06 ])
11.6953 	EXP 	testPos0: fillColor = '#00aaff (hex)'
11.6953 	EXP 	testPos0: lineColor = '#00aaff (hex)'
11.6953 	EXP 	testPos20: pos = array([ 0.05617048, -0.18372537])
11.6953 	EXP 	testPos20: size = array([0.006, 0.06 ])
11.6953 	EXP 	testPos20: fillColor = '#1e00b4 (hex)'
11.6953 	EXP 	testPos20: lineColor = '#1e00b4 (hex)'
11.6953 	EXP 	testPos40: pos = array([-0.15737558, -0.11019557])
11.6953 	EXP 	testPos40: size = array([0.006, 0.06 ])
11.6953 	EXP 	testPos40: fillColor = '#00ff00 (hex)'
11.6953 	EXP 	testPos40: lineColor = '#00ff00 (hex)'
11.6953 	EXP 	testPos60: pos = array([-0.15343394,  0.11562077])
11.6953 	EXP 	testPos60: size = array([0.006, 0.06 ])
11.6953 	EXP 	testPos60: fillColor = '#ffffff (hex)'
11.6953 	EXP 	testPos60: lineColor = '#ffffff (hex)'
11.6953 	EXP 	testPos80: pos = array([0.06254819, 0.18165313])
11.6953 	EXP 	testPos80: size = array([0.006, 0.06 ])
11.6953 	EXP 	testPos80: fillColor = '#000000 (hex)'
11.6953 	EXP 	testPos80: lineColor = '#000000 (hex)'
11.6953 	EXP 	testColorsExplained: height = 0.03
11.6953 	EXP 	clickablePos0: pos = array([ 0.19209085, -0.00335296])
11.6953 	EXP 	clickablePos0: size = array([0.012, 0.12 ])
11.6953 	EXP 	clickablePos20: pos = array([ 0.05617048, -0.18372537])
11.6953 	EXP 	clickablePos20: size = array([0.012, 0.12 ])
11.6953 	EXP 	clickablePos40: pos = array([-0.15737558, -0.11019557])
11.6953 	EXP 	clickablePos40: size = array([0.012, 0.12 ])
11.6953 	EXP 	clickablePos60: pos = array([-0.15343394,  0.11562077])
11.6953 	EXP 	clickablePos60: size = array([0.012, 0.12 ])
11.6953 	EXP 	clickablePos80: pos = array([0.06254819, 0.18165313])
11.6953 	EXP 	clickablePos80: size = array([0.012, 0.12 ])
11.6953 	EXP 	probeCircle: autoDraw = True
11.6953 	EXP 	testPos0: autoDraw = True
11.6953 	EXP 	testPos20: autoDraw = True
11.6953 	EXP 	testPos40: autoDraw = True
11.6953 	EXP 	testPos60: autoDraw = True
11.6953 	EXP 	testPos80: autoDraw = True
11.6953 	EXP 	testColorsExplained: autoDraw = True
11.6953 	EXP 	clickablePos0: autoDraw = True
11.6953 	EXP 	clickablePos20: autoDraw = True
11.6953 	EXP 	clickablePos40: autoDraw = True
11.6953 	EXP 	clickablePos60: autoDraw = True
11.6953 	EXP 	clickablePos80: autoDraw = True
11.6953 	EXP 	testColorsExplained: text = 'Click the bar whose color matches the central circle.'
11.7457 	DATA 	Mouse:  Left button up, pos=(834,720)
11.8662 	DATA 	Mouse: Left button down, pos=(834,720)
11.8695 	EXP 	New trial (rep=0, index=4): OrderedDict([('testColorsColor', '#000000'), ('testColorsProbedLocation', 80), ('testColorsProbedObject', 'testPos80'), ('testColorsX_degUnits', 1.13948854060004), ('testColorsY_degUnits', 3.3093150145976), ('pixelsPerDegreeVisualAngle', 40.27785706560729), ('probedX_pixUnits', 45.89615656618586), ('probedY_pixUnits', 133.29211714303023), ('probedX_pixPercentage_givesHeightUnits', 0.03824679713848821), ('probedY_pixPercentage_givesHeightUnits', 0.11107676428585853), ('testColorsX_heightUnits', 0.03824679713848821), ('testColorsY_heightUnits', 0.11107676428585853)])
11.8954 	EXP 	probeCircle: autoDraw = False
11.8954 	EXP 	testPos0: autoDraw = False
11.8954 	EXP 	testPos20: autoDraw = False
11.8954 	EXP 	testPos40: autoDraw = False
11.8954 	EXP 	testPos60: autoDraw = False
11.8954 	EXP 	testPos80: autoDraw = False
11.8954 	EXP 	testColorsExplained: autoDraw = False
11.8954 	EXP 	clickablePos0: autoDraw = False
11.8954 	EXP 	clickablePos20: autoDraw = False
11.8954 	EXP 	clickablePos40: autoDraw = False
11.8954 	EXP 	clickablePos60: autoDraw = False
11.8954 	EXP 	clickablePos80: autoDraw = False
11.8954 	EXP 	probeCircle: size = array([0.01, 0.01])
11.8954 	EXP 	probeCircle: fillColor = '#000000 (hex)'
11.8954 	EXP 	probeCircle: lineColor = '#000000 (hex)'
11.8954 	EXP 	testPos0: pos = array([ 0.19209085, -0.00335296])
11.8954 	EXP 	testPos0: size = array([0.006, 0.06 ])
11.8954 	EXP 	testPos0: fillColor = '#00aaff (hex)'
11.8954 	EXP 	testPos0: lineColor = '#00aaff (hex)'
11.8954 	EXP 	testPos20: pos = array([ 0.05617048, -0.18372537])
11.8954 	EXP 	testPos20: size = array([0.006, 0.06 ])
11.8954 	EXP 	testPos20: fillColor = '#1e00b4 (hex)'
11.8954 	EXP 	testPos20: lineColor = '#1e00b4 (hex)'
11.8954 	EXP 	testPos40: pos = array([-0.15737558, -0.11019557])
11.8954 	EXP 	testPos40: size = array([0.006, 0.06 ])
11.8954 	EXP 	testPos40: fillColor = '#00ff00 (hex)'
11.8954 	EXP 	testPos40: lineColor = '#00ff00 (hex)'
11.8954 	EXP 	testPos60: pos = array([-0.15343394,  0.11562077])
11.8954 	EXP 	testPos60: size = array([0.006, 0.06 ])
11.8954 	EXP 	testPos60: fillColor = '#ffffff (hex)'
11.8954 	EXP 	testPos60: lineColor = '#ffffff (hex)'
11.8954 	EXP 	testPos80: pos = array([0.06254819, 0.18165313])
11.8954 	EXP 	testPos80: size = array([0.006, 0.06 ])
11.8954 	EXP 	testPos80: fillColor = '#000000 (hex)'
11.8954 	EXP 	testPos80: lineColor = '#000000 (hex)'
11.8954 	EXP 	testColorsExplained: height = 0.03
11.8954 	EXP 	clickablePos0: pos = array([ 0.19209085, -0.00335296])
11.8954 	EXP 	clickablePos0: size = array([0.012, 0.12 ])
11.8954 	EXP 	clickablePos20: pos = array([ 0.05617048, -0.18372537])
11.8954 	EXP 	clickablePos20: size = array([0.012, 0.12 ])
11.8954 	EXP 	clickablePos40: pos = array([-0.15737558, -0.11019557])
11.8954 	EXP 	clickablePos40: size = array([0.012, 0.12 ])
11.8954 	EXP 	clickablePos60: pos = array([-0.15343394,  0.11562077])
11.8954 	EXP 	clickablePos60: size = array([0.012, 0.12 ])
11.8954 	EXP 	clickablePos80: pos = array([0.06254819, 0.18165313])
11.8954 	EXP 	clickablePos80: size = array([0.012, 0.12 ])
11.8954 	EXP 	probeCircle: autoDraw = True
11.8954 	EXP 	testPos0: autoDraw = True
11.8954 	EXP 	testPos20: autoDraw = True
11.8954 	EXP 	testPos40: autoDraw = True
11.8954 	EXP 	testPos60: autoDraw = True
11.8954 	EXP 	testPos80: autoDraw = True
11.8954 	EXP 	testColorsExplained: autoDraw = True
11.8954 	EXP 	clickablePos0: autoDraw = True
11.8954 	EXP 	clickablePos20: autoDraw = True
11.8954 	EXP 	clickablePos40: autoDraw = True
11.8954 	EXP 	clickablePos60: autoDraw = True
11.8954 	EXP 	clickablePos80: autoDraw = True
11.8954 	EXP 	testColorsExplained: text = 'Click the bar whose color matches the central circle.'
11.9459 	DATA 	Mouse:  Left button up, pos=(834,720)
12.0794 	DATA 	Mouse: Left button down, pos=(834,720)
12.1144 	EXP 	probeCircle: autoDraw = False
12.1144 	EXP 	testPos0: autoDraw = False
12.1144 	EXP 	testPos20: autoDraw = False
12.1144 	EXP 	testPos40: autoDraw = False
12.1144 	EXP 	testPos60: autoDraw = False
12.1144 	EXP 	testPos80: autoDraw = False
12.1144 	EXP 	testColorsExplained: autoDraw = False
12.1144 	EXP 	clickablePos0: autoDraw = False
12.1144 	EXP 	clickablePos20: autoDraw = False
12.1144 	EXP 	clickablePos40: autoDraw = False
12.1144 	EXP 	clickablePos60: autoDraw = False
12.1144 	EXP 	clickablePos80: autoDraw = False
12.1144 	EXP 	textInstructions: height = 0.03
12.1144 	EXP 	textInstructions: autoDraw = True
12.1144 	EXP 	textInstructions: text = 'Welcome!\n\nIn this experiment we will test your memory for the location of some colored rectangles.\n\nTry to remember where each rectangle is located.\n\nWhen the rectangles disappear a single colored circle will appear in the center of the screen.\n\nClick on the screen where you remember having seen a rectangle matching the color of the circle.\n\nClick any button to begin.'
12.1792 	DATA 	Mouse:  Left button up, pos=(834,720)
12.6462 	DATA 	Mouse: Left button down, pos=(834,720)
12.6628 	EXP 	window1: mouseVisible = True
